
> vape-shop-mini-app@1.0.0 build
> next build

  тЦ▓ Next.js 14.2.35

   Linting and checking validity of types ...

./pages/admin/banners.tsx
60:6  Warning: React Hook useEffect has a missing dependency: 'loadBanners'. Either include it or remove the dependency array.  react-hooks/exhaustive-deps

./pages/admin/index.tsx
33:6  Warning: React Hook useCallback has a missing dependency: 'fetchStats'. Either include it or remove the dependency array.  react-hooks/exhaustive-deps

./pages/admin/logs.tsx
32:6  Warning: React Hook useEffect has a missing dependency: 'fetchLogs'. Either include it or remove the dependency array.  react-hooks/exhaustive-deps

./pages/admin/manager-stats.tsx
20:6  Warning: React Hook useEffect has a missing dependency: 'loadStats'. Either include it or remove the dependency array.  react-hooks/exhaustive-deps

./pages/admin/price-import.tsx
55:6  Warning: React Hook useEffect has a missing dependency: 'fetchItems'. Either include it or remove the dependency array.  react-hooks/exhaustive-deps

./pages/admin/products.tsx
48:6  Warning: React Hook useEffect has a missing dependency: 'fetchProducts'. Either include it or remove the dependency array.  react-hooks/exhaustive-deps

./pages/admin/promotions.tsx
29:6  Warning: React Hook useEffect has a missing dependency: 'loadPromotions'. Either include it or remove the dependency array.  react-hooks/exhaustive-deps

./pages/admin/users.tsx
26:6  Warning: React Hook useEffect has a missing dependency: 'fetchUsers'. Either include it or remove the dependency array.  react-hooks/exhaustive-deps

./pages/balance.tsx
24:6  Warning: React Hook useEffect has a missing dependency: 'loadBalance'. Either include it or remove the dependency array.  react-hooks/exhaustive-deps

./pages/cart.tsx
63:6  Warning: React Hook useEffect has missing dependencies: 'fetchCart' and 'fetchDeliveryOptions'. Either include them or remove the dependency array.  react-hooks/exhaustive-deps

./pages/courier/deliveries.tsx
22:6  Warning: React Hook useEffect has a missing dependency: 'loadDeliveries'. Either include it or remove the dependency array.  react-hooks/exhaustive-deps

./pages/gamification.tsx
17:6  Warning: React Hook useEffect has a missing dependency: 'loadLevel'. Either include it or remove the dependency array.  react-hooks/exhaustive-deps

./pages/index.tsx
134:6  Warning: React Hook useEffect has a missing dependency: 'fetchProducts'. Either include it or remove the dependency array.  react-hooks/exhaustive-deps
141:6  Warning: React Hook useEffect has missing dependencies: 'fetchProducts' and 'saveFilters'. Either include them or remove the dependency array.  react-hooks/exhaustive-deps
145:6  Warning: React Hook useEffect has a missing dependency: 'fetchCartCount'. Either include it or remove the dependency array.  react-hooks/exhaustive-deps

./pages/page/[slug].tsx
25:6  Warning: React Hook useEffect has a missing dependency: 'fetchPage'. Either include it or remove the dependency array.  react-hooks/exhaustive-deps

./pages/profile.tsx
96:6  Warning: React Hook useEffect has missing dependencies: 'fetchAddresses', 'fetchFavorites', 'fetchOrders', 'fetchProfile', and 'fetchReferralStats'. Either include them or remove the dependency array.  react-hooks/exhaustive-deps

./pages/referral.tsx
17:6  Warning: React Hook useEffect has a missing dependency: 'loadReferralInfo'. Either include it or remove the dependency array.  react-hooks/exhaustive-deps

./pages/saved-for-later.tsx
21:6  Warning: React Hook useEffect has a missing dependency: 'loadSavedItems'. Either include it or remove the dependency array.  react-hooks/exhaustive-deps

./pages/support/customers/[id].tsx
32:6  Warning: React Hook useEffect has a missing dependency: 'loadCustomerData'. Either include it or remove the dependency array.  react-hooks/exhaustive-deps

./pages/support/tickets/[id].tsx
25:6  Warning: React Hook useEffect has a missing dependency: 'loadTicket'. Either include it or remove the dependency array.  react-hooks/exhaustive-deps

./pages/support/tickets.tsx
23:6  Warning: React Hook useEffect has a missing dependency: 'loadTickets'. Either include it or remove the dependency array.  react-hooks/exhaustive-deps

./pages/tracking/index.tsx
73:6  Warning: React Hook useEffect has a missing dependency: 'loadTracking'. Either include it or remove the dependency array.  react-hooks/exhaustive-deps

./pages/tracking/[orderId].tsx
36:6  Warning: React Hook useEffect has a missing dependency: 'loadTracking'. Either include it or remove the dependency array.  react-hooks/exhaustive-deps

./components/AuditLogViewer.tsx
71:9  Warning: The 'logs' logical expression could make the dependencies of useMemo Hook (at line 79) change on every render. To fix this, wrap the initialization of 'logs' in its own useMemo() Hook.  react-hooks/exhaustive-deps
71:9  Warning: The 'logs' logical expression could make the dependencies of useMemo Hook (at line 84) change on every render. To fix this, wrap the initialization of 'logs' in its own useMemo() Hook.  react-hooks/exhaustive-deps

./components/ChatWindow.tsx
26:6  Warning: React Hook useEffect has a missing dependency: 'loadMessages'. Either include it or remove the dependency array.  react-hooks/exhaustive-deps

./components/DashboardCharts.tsx
29:6  Warning: React Hook useEffect has a missing dependency: 'fetchData'. Either include it or remove the dependency array.  react-hooks/exhaustive-deps
132:6  Warning: React Hook useEffect has a missing dependency: 'fetchTopProducts'. Either include it or remove the dependency array.  react-hooks/exhaustive-deps

./components/SearchInput.tsx
116:9  Warning: The attribute aria-expanded is not supported by the role textbox. This role is implicit on the element input.  jsx-a11y/role-supports-aria-props

info  - Need to disable some ESLint rules? Learn more here: https://nextjs.org/docs/basic-features/eslint#disabling-rules
Failed to compile.

./pages/api/compare.ts:103:20
Type error: Argument of type 'unknown' is not assignable to parameter of type 'string'.

  101 |       apiSuccess(res, { success: true });
  102 |     } catch (_err) {
> 103 |       logger.error(_err);
      |                    ^
  104 |       apiError(res, 'Failed to delete comparison', 500);
  105 |     }
  106 |   } else {
Next.js build worker exited with code: 1 and signal: null
